2024-12-06 14:11:44,961 - INFO - 开始构建数据库...
2024-12-06 14:12:48,391 - INFO - 开始构建数据库...
2024-12-06 14:13:20,826 - INFO - 开始构建数据库...
2024-12-06 14:13:51,989 - INFO - 开始构建数据库...
2024-12-06 14:20:35,048 - INFO - 开始构建数据库...
2024-12-06 14:31:34,166 - INFO - 开始构建数据库...
2024-12-06 14:33:34,677 - INFO - 开始构建数据库...
2024-12-06 14:37:56,264 - INFO - 开始构建数据库...
2024-12-06 14:38:17,095 - INFO - 开始构建数据库...
2024-12-06 14:41:31,371 - INFO - 开始构建数据库...
2024-12-06 14:41:40,585 - INFO - 开始构建数据库...
2024-12-06 14:46:02,623 - INFO - 开始构建数据库...
2024-12-06 14:46:14,697 - INFO - 开始构建数据库...
2024-12-06 14:47:33,086 - INFO - 开始构建数据库...
2024-12-06 15:02:49,660 - INFO - 数据库构建完成
2024-12-06 15:04:25,011 - INFO - 开始加载数据库...
2024-12-06 15:04:25,460 - INFO - 数据库加载完成，开始检索...
2024-12-06 15:04:25,479 - INFO - 找到诗句：明月光清石，评分：0.008301470688069168
2024-12-06 15:06:56,494 - INFO - 开始加载数据库...
2024-12-06 15:06:56,927 - INFO - 数据库加载完成，开始检索...
2024-12-06 15:06:56,946 - INFO - 找到诗句：明月光清石，评分：0.008301470688069168
2024-12-06 15:10:01,222 - INFO - 开始加载数据库...
2024-12-06 15:10:01,798 - INFO - 数据库加载完成，开始检索...
2024-12-06 15:10:03,990 - INFO - 未找到符合条件的诗句
2024-12-06 15:11:02,397 - INFO - 开始加载数据库...
2024-12-06 15:11:02,886 - INFO - 数据库加载完成，开始检索...
2024-12-06 15:11:04,985 - INFO - 未找到符合条件的诗句
2024-12-06 15:12:50,765 - INFO - 开始加载数据库...
2024-12-06 15:12:51,253 - INFO - 数据库加载完成，开始检索...
2024-12-06 15:12:55,218 - INFO - 未找到符合条件的诗句
2024-12-06 15:14:14,565 - INFO - 开始加载数据库...
2024-12-06 15:14:15,332 - INFO - 数据库加载完成，开始检索...
2024-12-06 15:14:17,399 - INFO - 未找到符合条件的诗句
2024-12-06 15:20:57,040 - INFO - 开始加载数据库...
2024-12-06 15:20:57,822 - INFO - 数据库加载完成，开始检索...
2024-12-06 15:21:00,235 - WARNING - 未找到符合条件的诗句，建议检查输入参数和数据库内容！
2024-12-06 15:22:55,476 - INFO - 开始加载数据库...
2024-12-06 15:22:56,368 - INFO - 数据库加载完成，开始检索...
2024-12-06 15:24:15,363 - INFO - 开始加载数据库...
2024-12-06 15:24:16,200 - INFO - 数据库加载完成，开始检索...
2024-12-06 15:29:41,839 - WARNING - 未找到符合条件的诗句！
2024-12-06 15:29:41,872 - INFO - 开始加载数据库...
2024-12-06 15:29:41,872 - INFO - 开始加载数据库...
2024-12-06 15:29:42,697 - INFO - 数据库加载完成，开始检索...
2024-12-06 15:29:42,697 - INFO - 数据库加载完成，开始检索...
